{"/Users/kamil/Projects/algorithms-and-data-structures-learning/src/index.ts": {"path":"/Users/kamil/Projects/algorithms-and-data-structures-learning/src/index.ts","statementMap":{"0":{"start":{"line":1,"column":19},"end":{"line":6,"column":1}},"1":{"start":{"line":2,"column":2},"end":{"line":4,"column":null}},"2":{"start":{"line":3,"column":4},"end":{"line":3,"column":24}},"3":{"start":{"line":5,"column":2},"end":{"line":5,"column":15}},"4":{"start":{"line":1,"column":13},"end":{"line":1,"column":19}}},"fnMap":{"0":{"name":"(anonymous_0)","decl":{"start":{"line":1,"column":19},"end":{"line":1,"column":20}},"loc":{"start":{"line":1,"column":40},"end":{"line":6,"column":1}}}},"branchMap":{"0":{"loc":{"start":{"line":2,"column":2},"end":{"line":4,"column":null}},"type":"if","locations":[{"start":{"line":2,"column":2},"end":{"line":4,"column":null}},{"start":{"line":2,"column":2},"end":{"line":4,"column":null}}]}},"s":{"0":0,"1":0,"2":0,"3":0,"4":0},"f":{"0":0},"b":{"0":[0,0]}}
,"/Users/kamil/Projects/algorithms-and-data-structures-learning/src/data-structures/linked-list/linked-list-node.ts": {"path":"/Users/kamil/Projects/algorithms-and-data-structures-learning/src/data-structures/linked-list/linked-list-node.ts","statementMap":{"0":{"start":{"line":1,"column":0},"end":{"line":1,"column":null}},"1":{"start":{"line":5,"column":4},"end":{"line":5,"column":23}},"2":{"start":{"line":6,"column":4},"end":{"line":6,"column":29}},"3":{"start":{"line":8,"column":2},"end":{"line":10,"column":null}},"4":{"start":{"line":9,"column":4},"end":{"line":9,"column":61}},"5":{"start":{"line":11,"column":0},"end":{"line":11,"column":null}},"6":{"start":{"line":13,"column":0},"end":{"line":13,"column":30}}},"fnMap":{"0":{"name":"(anonymous_0)","decl":{"start":{"line":1,"column":0},"end":{"line":1,"column":null}},"loc":{"start":{"line":1,"column":0},"end":{"line":11,"column":null}}},"1":{"name":"LinkedListNode","decl":{"start":{"line":4,"column":2},"end":{"line":4,"column":14}},"loc":{"start":{"line":4,"column":36},"end":{"line":7,"column":3}}},"2":{"name":"(anonymous_2)","decl":{"start":{"line":8,"column":2},"end":{"line":8,"column":10}},"loc":{"start":{"line":8,"column":40},"end":{"line":10,"column":3}}}},"branchMap":{"0":{"loc":{"start":{"line":6,"column":16},"end":{"line":6,"column":20}},"type":"binary-expr","locations":[{"start":{"line":6,"column":16},"end":{"line":6,"column":20}},{"start":{"line":6,"column":24},"end":{"line":6,"column":28}}]},"1":{"loc":{"start":{"line":9,"column":22},"end":{"line":9,"column":42}},"type":"cond-expr","locations":[{"start":{"line":9,"column":22},"end":{"line":9,"column":42}},{"start":{"line":9,"column":45},"end":{"line":9,"column":60}}]}},"s":{"0":2,"1":16,"2":16,"3":2,"4":0,"5":2,"6":2},"f":{"0":2,"1":16,"2":0},"b":{"0":[16,14],"1":[0,0]}}
,"/Users/kamil/Projects/algorithms-and-data-structures-learning/src/data-structures/linked-list/linked-list.ts": {"path":"/Users/kamil/Projects/algorithms-and-data-structures-learning/src/data-structures/linked-list/linked-list.ts","statementMap":{"0":{"start":{"line":1,"column":0},"end":{"line":1,"column":48}},"1":{"start":{"line":11,"column":0},"end":{"line":11,"column":null}},"2":{"start":{"line":12,"column":2},"end":{"line":12,"column":37}},"3":{"start":{"line":13,"column":2},"end":{"line":13,"column":37}},"4":{"start":{"line":15,"column":2},"end":{"line":29,"column":null}},"5":{"start":{"line":16,"column":17},"end":{"line":16,"column":42}},"6":{"start":{"line":17,"column":4},"end":{"line":22,"column":null}},"7":{"start":{"line":18,"column":6},"end":{"line":18,"column":23}},"8":{"start":{"line":19,"column":6},"end":{"line":19,"column":23}},"9":{"start":{"line":21,"column":6},"end":{"line":21,"column":18}},"10":{"start":{"line":25,"column":4},"end":{"line":25,"column":35}},"11":{"start":{"line":26,"column":4},"end":{"line":26,"column":21}},"12":{"start":{"line":28,"column":4},"end":{"line":28,"column":16}},"13":{"start":{"line":31,"column":2},"end":{"line":39,"column":null}},"14":{"start":{"line":32,"column":17},"end":{"line":32,"column":53}},"15":{"start":{"line":33,"column":4},"end":{"line":33,"column":26}},"16":{"start":{"line":34,"column":4},"end":{"line":34,"column":21}},"17":{"start":{"line":35,"column":4},"end":{"line":37,"column":null}},"18":{"start":{"line":36,"column":6},"end":{"line":36,"column":23}},"19":{"start":{"line":38,"column":4},"end":{"line":38,"column":16}},"20":{"start":{"line":41,"column":2},"end":{"line":71,"column":null}},"21":{"start":{"line":42,"column":4},"end":{"line":44,"column":null}},"22":{"start":{"line":43,"column":6},"end":{"line":43,"column":18}},"23":{"start":{"line":46,"column":22},"end":{"line":46,"column":26}},"24":{"start":{"line":48,"column":4},"end":{"line":51,"column":null}},"25":{"start":{"line":49,"column":6},"end":{"line":49,"column":30}},"26":{"start":{"line":50,"column":6},"end":{"line":50,"column":33}},"27":{"start":{"line":53,"column":22},"end":{"line":53,"column":31}},"28":{"start":{"line":55,"column":4},"end":{"line":64,"column":null}},"29":{"start":{"line":56,"column":6},"end":{"line":63,"column":null}},"30":{"start":{"line":57,"column":8},"end":{"line":62,"column":null}},"31":{"start":{"line":58,"column":10},"end":{"line":58,"column":41}},"32":{"start":{"line":59,"column":10},"end":{"line":59,"column":51}},"33":{"start":{"line":61,"column":10},"end":{"line":61,"column":41}},"34":{"start":{"line":66,"column":4},"end":{"line":68,"column":null}},"35":{"start":{"line":67,"column":6},"end":{"line":67,"column":30}},"36":{"start":{"line":70,"column":4},"end":{"line":70,"column":23}},"37":{"start":{"line":73,"column":2},"end":{"line":84,"column":null}},"38":{"start":{"line":74,"column":4},"end":{"line":76,"column":null}},"39":{"start":{"line":75,"column":6},"end":{"line":75,"column":19}},"40":{"start":{"line":77,"column":22},"end":{"line":77,"column":31}},"41":{"start":{"line":78,"column":4},"end":{"line":82,"column":null}},"42":{"start":{"line":79,"column":6},"end":{"line":81,"column":null}},"43":{"start":{"line":80,"column":8},"end":{"line":80,"column":40}},"44":{"start":{"line":83,"column":4},"end":{"line":83,"column":16}},"45":{"start":{"line":86,"column":2},"end":{"line":96,"column":null}},"46":{"start":{"line":87,"column":18},"end":{"line":87,"column":20}},"47":{"start":{"line":89,"column":22},"end":{"line":89,"column":31}},"48":{"start":{"line":90,"column":4},"end":{"line":93,"column":null}},"49":{"start":{"line":91,"column":6},"end":{"line":91,"column":36}},"50":{"start":{"line":92,"column":6},"end":{"line":92,"column":37}},"51":{"start":{"line":95,"column":4},"end":{"line":95,"column":17}},"52":{"start":{"line":97,"column":0},"end":{"line":97,"column":null}},"53":{"start":{"line":99,"column":0},"end":{"line":99,"column":26}}},"fnMap":{"0":{"name":"(anonymous_0)","decl":{"start":{"line":11,"column":0},"end":{"line":11,"column":null}},"loc":{"start":{"line":11,"column":0},"end":{"line":97,"column":null}}},"1":{"name":"(anonymous_2)","decl":{"start":{"line":15,"column":2},"end":{"line":15,"column":8}},"loc":{"start":{"line":15,"column":22},"end":{"line":29,"column":3}}},"2":{"name":"(anonymous_3)","decl":{"start":{"line":31,"column":2},"end":{"line":31,"column":9}},"loc":{"start":{"line":31,"column":23},"end":{"line":39,"column":3}}},"3":{"name":"(anonymous_4)","decl":{"start":{"line":41,"column":2},"end":{"line":41,"column":8}},"loc":{"start":{"line":41,"column":22},"end":{"line":71,"column":3}}},"4":{"name":"(anonymous_5)","decl":{"start":{"line":73,"column":2},"end":{"line":73,"column":10}},"loc":{"start":{"line":73,"column":24},"end":{"line":84,"column":3}}},"5":{"name":"(anonymous_6)","decl":{"start":{"line":86,"column":2},"end":{"line":86,"column":9}},"loc":{"start":{"line":86,"column":2},"end":{"line":96,"column":3}}}},"branchMap":{"0":{"loc":{"start":{"line":17,"column":4},"end":{"line":22,"column":null}},"type":"if","locations":[{"start":{"line":17,"column":4},"end":{"line":22,"column":null}},{"start":{"line":17,"column":4},"end":{"line":22,"column":null}}]},"1":{"loc":{"start":{"line":25,"column":13},"end":{"line":25,"column":15}},"type":"cond-expr","locations":[{"start":{"line":25,"column":13},"end":{"line":25,"column":15}},{"start":{"line":25,"column":13},"end":{"line":25,"column":34}}]},"2":{"loc":{"start":{"line":25,"column":4},"end":{"line":25,"column":15}},"type":"binary-expr","locations":[{"start":{"line":25,"column":4},"end":{"line":25,"column":15}},{"start":{"line":25,"column":13},"end":{"line":25,"column":15}}]},"3":{"loc":{"start":{"line":25,"column":22},"end":{"line":25,"column":26}},"type":"binary-expr","locations":[{"start":{"line":25,"column":22},"end":{"line":25,"column":26}},{"start":{"line":25,"column":30},"end":{"line":25,"column":34}}]},"4":{"loc":{"start":{"line":35,"column":4},"end":{"line":37,"column":null}},"type":"if","locations":[{"start":{"line":35,"column":4},"end":{"line":37,"column":null}},{"start":{"line":35,"column":4},"end":{"line":37,"column":null}}]},"5":{"loc":{"start":{"line":42,"column":4},"end":{"line":44,"column":null}},"type":"if","locations":[{"start":{"line":42,"column":4},"end":{"line":44,"column":null}},{"start":{"line":42,"column":4},"end":{"line":44,"column":null}}]},"6":{"loc":{"start":{"line":48,"column":11},"end":{"line":48,"column":20}},"type":"binary-expr","locations":[{"start":{"line":48,"column":11},"end":{"line":48,"column":20}},{"start":{"line":48,"column":24},"end":{"line":48,"column":49}}]},"7":{"loc":{"start":{"line":55,"column":4},"end":{"line":64,"column":null}},"type":"if","locations":[{"start":{"line":55,"column":4},"end":{"line":64,"column":null}},{"start":{"line":55,"column":4},"end":{"line":64,"column":null}}]},"8":{"loc":{"start":{"line":56,"column":24},"end":{"line":56,"column":26}},"type":"cond-expr","locations":[{"start":{"line":56,"column":24},"end":{"line":56,"column":26}},{"start":{"line":56,"column":13},"end":{"line":56,"column":30}}]},"9":{"loc":{"start":{"line":56,"column":13},"end":{"line":56,"column":26}},"type":"binary-expr","locations":[{"start":{"line":56,"column":13},"end":{"line":56,"column":26}},{"start":{"line":56,"column":13},"end":{"line":56,"column":26}}]},"10":{"loc":{"start":{"line":57,"column":8},"end":{"line":62,"column":null}},"type":"if","locations":[{"start":{"line":57,"column":8},"end":{"line":62,"column":null}},{"start":{"line":57,"column":8},"end":{"line":62,"column":null}}]},"11":{"loc":{"start":{"line":66,"column":4},"end":{"line":68,"column":null}},"type":"if","locations":[{"start":{"line":66,"column":4},"end":{"line":68,"column":null}},{"start":{"line":66,"column":4},"end":{"line":68,"column":null}}]},"12":{"loc":{"start":{"line":66,"column":17},"end":{"line":66,"column":19}},"type":"cond-expr","locations":[{"start":{"line":66,"column":17},"end":{"line":66,"column":19}},{"start":{"line":66,"column":17},"end":{"line":66,"column":24}}]},"13":{"loc":{"start":{"line":66,"column":8},"end":{"line":66,"column":19}},"type":"binary-expr","locations":[{"start":{"line":66,"column":8},"end":{"line":66,"column":19}},{"start":{"line":66,"column":17},"end":{"line":66,"column":19}}]},"14":{"loc":{"start":{"line":74,"column":4},"end":{"line":76,"column":null}},"type":"if","locations":[{"start":{"line":74,"column":4},"end":{"line":76,"column":null}},{"start":{"line":74,"column":4},"end":{"line":76,"column":null}}]},"15":{"loc":{"start":{"line":78,"column":4},"end":{"line":82,"column":null}},"type":"if","locations":[{"start":{"line":78,"column":4},"end":{"line":82,"column":null}},{"start":{"line":78,"column":4},"end":{"line":82,"column":null}}]},"16":{"loc":{"start":{"line":79,"column":24},"end":{"line":79,"column":26}},"type":"cond-expr","locations":[{"start":{"line":79,"column":24},"end":{"line":79,"column":26}},{"start":{"line":79,"column":13},"end":{"line":79,"column":31}}]},"17":{"loc":{"start":{"line":79,"column":13},"end":{"line":79,"column":26}},"type":"binary-expr","locations":[{"start":{"line":79,"column":13},"end":{"line":79,"column":26}},{"start":{"line":79,"column":13},"end":{"line":79,"column":26}}]},"18":{"loc":{"start":{"line":80,"column":33},"end":{"line":80,"column":35}},"type":"cond-expr","locations":[{"start":{"line":80,"column":33},"end":{"line":80,"column":35}},{"start":{"line":80,"column":22},"end":{"line":80,"column":39}}]},"19":{"loc":{"start":{"line":80,"column":22},"end":{"line":80,"column":35}},"type":"binary-expr","locations":[{"start":{"line":80,"column":22},"end":{"line":80,"column":35}},{"start":{"line":80,"column":22},"end":{"line":80,"column":35}}]}},"s":{"0":1,"1":1,"2":7,"3":7,"4":1,"5":10,"6":10,"7":4,"8":4,"9":4,"10":6,"11":6,"12":6,"13":1,"14":2,"15":2,"16":2,"17":2,"18":1,"19":2,"20":1,"21":4,"22":1,"23":3,"24":3,"25":2,"26":2,"27":3,"28":3,"29":2,"30":4,"31":3,"32":3,"33":1,"34":3,"35":1,"36":3,"37":1,"38":2,"39":1,"40":1,"41":1,"42":1,"43":0,"44":1,"45":1,"46":3,"47":3,"48":3,"49":5,"50":5,"51":3,"52":1,"53":1},"f":{"0":8,"1":10,"2":2,"3":4,"4":2,"5":3},"b":{"0":[4,6],"1":[0,6],"2":[6,6],"3":[6,0],"4":[1,1],"5":[1,3],"6":[5,4],"7":[2,1],"8":[0,6],"9":[6,6],"10":[3,1],"11":[1,2],"12":[0,3],"13":[3,3],"14":[1,1],"15":[1,0],"16":[0,1],"17":[1,1],"18":[0,0],"19":[0,0]}}
}
