TN:
SF:src/index.ts
FN:1,(anonymous_0)
FNF:1
FNH:0
FNDA:0,(anonymous_0)
DA:1,0
DA:2,0
DA:3,0
DA:5,0
LF:4
LH:0
BRDA:2,0,0,0
BRDA:2,0,1,0
BRF:2
BRH:0
end_of_record
TN:
SF:src/data-structures/linked-list/linked-list-node.ts
FN:1,(anonymous_0)
FN:4,LinkedListNode
FN:8,(anonymous_2)
FNF:3
FNH:2
FNDA:2,(anonymous_0)
FNDA:16,LinkedListNode
FNDA:0,(anonymous_2)
DA:1,2
DA:5,16
DA:6,16
DA:8,2
DA:9,0
DA:11,2
DA:13,2
LF:7
LH:6
BRDA:6,0,0,16
BRDA:6,0,1,14
BRDA:9,1,0,0
BRDA:9,1,1,0
BRF:4
BRH:2
end_of_record
TN:
SF:src/data-structures/linked-list/linked-list.ts
FN:11,(anonymous_0)
FN:15,(anonymous_2)
FN:31,(anonymous_3)
FN:41,(anonymous_4)
FN:73,(anonymous_5)
FN:86,(anonymous_6)
FNF:6
FNH:6
FNDA:8,(anonymous_0)
FNDA:10,(anonymous_2)
FNDA:2,(anonymous_3)
FNDA:4,(anonymous_4)
FNDA:2,(anonymous_5)
FNDA:3,(anonymous_6)
DA:1,1
DA:11,1
DA:12,7
DA:13,7
DA:15,1
DA:16,10
DA:17,10
DA:18,4
DA:19,4
DA:21,4
DA:25,6
DA:26,6
DA:28,6
DA:31,1
DA:32,2
DA:33,2
DA:34,2
DA:35,2
DA:36,1
DA:38,2
DA:41,1
DA:42,4
DA:43,1
DA:46,3
DA:48,3
DA:49,2
DA:50,2
DA:53,3
DA:55,3
DA:56,2
DA:57,4
DA:58,3
DA:59,3
DA:61,1
DA:66,3
DA:67,1
DA:70,3
DA:73,1
DA:74,2
DA:75,1
DA:77,1
DA:78,1
DA:79,1
DA:80,0
DA:83,1
DA:86,1
DA:87,3
DA:89,3
DA:90,3
DA:91,5
DA:92,5
DA:95,3
DA:97,1
DA:99,1
LF:54
LH:53
BRDA:17,0,0,4
BRDA:17,0,1,6
BRDA:25,1,0,0
BRDA:25,1,1,6
BRDA:25,2,0,6
BRDA:25,2,1,6
BRDA:25,3,0,6
BRDA:25,3,1,0
BRDA:35,4,0,1
BRDA:35,4,1,1
BRDA:42,5,0,1
BRDA:42,5,1,3
BRDA:48,6,0,5
BRDA:48,6,1,4
BRDA:55,7,0,2
BRDA:55,7,1,1
BRDA:56,8,0,0
BRDA:56,8,1,6
BRDA:56,9,0,6
BRDA:56,9,1,6
BRDA:57,10,0,3
BRDA:57,10,1,1
BRDA:66,11,0,1
BRDA:66,11,1,2
BRDA:66,12,0,0
BRDA:66,12,1,3
BRDA:66,13,0,3
BRDA:66,13,1,3
BRDA:74,14,0,1
BRDA:74,14,1,1
BRDA:78,15,0,1
BRDA:78,15,1,0
BRDA:79,16,0,0
BRDA:79,16,1,1
BRDA:79,17,0,1
BRDA:79,17,1,1
BRDA:80,18,0,0
BRDA:80,18,1,0
BRDA:80,19,0,0
BRDA:80,19,1,0
BRF:40
BRH:30
end_of_record
